   0  $accept : %entry% $end

   1  type : T_INT
   2       | T_BOOL
   3       | LT typelist ARROW type GT
   4       | LT paramlist GT
   5       | T_UNIT

   6  typelist : type
   7           | type COMMA typelist

   8  varlist : VAR
   9          | VAR COMMA varlist

  10  paramlist : VAR COLON type
  11            | U VAR COLON type
  12            | VAR COLON type COMMA paramlist
  13            | U VAR COLON type COMMA paramlist

  14  exprlist : expr
  15           | expr COMMA exprlist

  16  field_bind : VAR COLON expr
  17             | U VAR COLON expr
  18             | MUT VAR COLON expr
  19             | MUT U VAR COLON expr

  20  fieldbindlist : field_bind
  21                | field_bind COMMA fieldbindlist

  22  expr : MINUS expr
  23       | NOT expr
  24       | expr AND expr
  25       | expr OR expr
  26       | expr PLUS expr
  27       | expr MINUS expr
  28       | expr TIMES expr
  29       | expr DIV expr
  30       | expr MOD expr
  31       | expr LT expr
  32       | expr LEQ expr
  33       | expr GT expr
  34       | expr GEQ expr
  35       | expr NOTEQUALS expr
  36       | expr EQUALS expr
  37       | LAMBDA LPAREN OR paramlist RPAREN ARROW type LBRACE expr RBRACE
  38       | LAMBDA VAR LPAREN OR paramlist RPAREN ARROW type LBRACE expr RBRACE
  39       | LAMBDA LPAREN varlist OR paramlist RPAREN ARROW type LBRACE expr RBRACE
  40       | LAMBDA VAR LPAREN varlist OR paramlist RPAREN ARROW type LBRACE expr RBRACE
  41       | VAR LPAREN exprlist RPAREN
  42       | DESTROY LPAREN expr RPAREN
  43       | SLEEP LPAREN expr RPAREN
  44       | TRUE
  45       | FALSE
  46       | INT
  47       | VAR
  48       | LPAREN expr RPAREN
  49       | LBRACE fieldbindlist RBRACE
  50       | expr DOT VAR
  51       | expr SEMI expr
  52       | IF expr LBRACE expr RBRACE ELSE LBRACE expr RBRACE
  53       | WHILE expr LBRACE expr RBRACE
  54       | FOCUS expr LBRACE expr RBRACE
  55       | BRANCH varlist LBRACE expr RBRACE
  56       | LET VAR ASSIGN expr IN expr
  57       | expr ASSIGN expr
  58       | CLASS VAR LBRACE paramlist RBRACE

  59  p : expr EOF

  60  %entry% : '\001' p

state 0
	$accept : . %entry% $end  (0)

	'\001'  shift 1
	.  error

	%entry%  goto 2


state 1
	%entry% : '\001' . p  (60)

	INT  shift 3
	VAR  shift 4
	MINUS  shift 5
	LPAREN  shift 6
	TRUE  shift 7
	FALSE  shift 8
	NOT  shift 9
	IF  shift 10
	WHILE  shift 11
	LBRACE  shift 12
	LAMBDA  shift 13
	BRANCH  shift 14
	FOCUS  shift 15
	SLEEP  shift 16
	LET  shift 17
	DESTROY  shift 18
	CLASS  shift 19
	.  error

	expr  goto 20
	p  goto 21


state 2
	$accept : %entry% . $end  (0)

	$end  accept


state 3
	expr : INT .  (46)

	.  reduce 46


state 4
	expr : VAR . LPAREN exprlist RPAREN  (41)
	expr : VAR .  (47)

	LPAREN  shift 22
	PLUS  reduce 47
	MINUS  reduce 47
	TIMES  reduce 47
	DIV  reduce 47
	MOD  reduce 47
	RPAREN  reduce 47
	EQUALS  reduce 47
	NOTEQUALS  reduce 47
	LT  reduce 47
	LEQ  reduce 47
	GT  reduce 47
	GEQ  reduce 47
	AND  reduce 47
	OR  reduce 47
	ASSIGN  reduce 47
	SEMI  reduce 47
	LBRACE  reduce 47
	RBRACE  reduce 47
	COMMA  reduce 47
	IN  reduce 47
	EOF  reduce 47
	DOT  reduce 47


state 5
	expr : MINUS . expr  (22)

	INT  shift 3
	VAR  shift 4
	MINUS  shift 5
	LPAREN  shift 6
	TRUE  shift 7
	FALSE  shift 8
	NOT  shift 9
	IF  shift 10
	WHILE  shift 11
	LBRACE  shift 12
	LAMBDA  shift 13
	BRANCH  shift 14
	FOCUS  shift 15
	SLEEP  shift 16
	LET  shift 17
	DESTROY  shift 18
	CLASS  shift 19
	.  error

	expr  goto 23


state 6
	expr : LPAREN . expr RPAREN  (48)

	INT  shift 3
	VAR  shift 4
	MINUS  shift 5
	LPAREN  shift 6
	TRUE  shift 7
	FALSE  shift 8
	NOT  shift 9
	IF  shift 10
	WHILE  shift 11
	LBRACE  shift 12
	LAMBDA  shift 13
	BRANCH  shift 14
	FOCUS  shift 15
	SLEEP  shift 16
	LET  shift 17
	DESTROY  shift 18
	CLASS  shift 19
	.  error

	expr  goto 24


state 7
	expr : TRUE .  (44)

	.  reduce 44


state 8
	expr : FALSE .  (45)

	.  reduce 45


state 9
	expr : NOT . expr  (23)

	INT  shift 3
	VAR  shift 4
	MINUS  shift 5
	LPAREN  shift 6
	TRUE  shift 7
	FALSE  shift 8
	NOT  shift 9
	IF  shift 10
	WHILE  shift 11
	LBRACE  shift 12
	LAMBDA  shift 13
	BRANCH  shift 14
	FOCUS  shift 15
	SLEEP  shift 16
	LET  shift 17
	DESTROY  shift 18
	CLASS  shift 19
	.  error

	expr  goto 25


state 10
	expr : IF . expr LBRACE expr RBRACE ELSE LBRACE expr RBRACE  (52)

	INT  shift 3
	VAR  shift 4
	MINUS  shift 5
	LPAREN  shift 6
	TRUE  shift 7
	FALSE  shift 8
	NOT  shift 9
	IF  shift 10
	WHILE  shift 11
	LBRACE  shift 12
	LAMBDA  shift 13
	BRANCH  shift 14
	FOCUS  shift 15
	SLEEP  shift 16
	LET  shift 17
	DESTROY  shift 18
	CLASS  shift 19
	.  error

	expr  goto 26


state 11
	expr : WHILE . expr LBRACE expr RBRACE  (53)

	INT  shift 3
	VAR  shift 4
	MINUS  shift 5
	LPAREN  shift 6
	TRUE  shift 7
	FALSE  shift 8
	NOT  shift 9
	IF  shift 10
	WHILE  shift 11
	LBRACE  shift 12
	LAMBDA  shift 13
	BRANCH  shift 14
	FOCUS  shift 15
	SLEEP  shift 16
	LET  shift 17
	DESTROY  shift 18
	CLASS  shift 19
	.  error

	expr  goto 27


state 12
	expr : LBRACE . fieldbindlist RBRACE  (49)

	VAR  shift 28
	U  shift 29
	MUT  shift 30
	.  error

	field_bind  goto 31
	fieldbindlist  goto 32


state 13
	expr : LAMBDA . LPAREN OR paramlist RPAREN ARROW type LBRACE expr RBRACE  (37)
	expr : LAMBDA . VAR LPAREN OR paramlist RPAREN ARROW type LBRACE expr RBRACE  (38)
	expr : LAMBDA . LPAREN varlist OR paramlist RPAREN ARROW type LBRACE expr RBRACE  (39)
	expr : LAMBDA . VAR LPAREN varlist OR paramlist RPAREN ARROW type LBRACE expr RBRACE  (40)

	VAR  shift 33
	LPAREN  shift 34
	.  error


state 14
	expr : BRANCH . varlist LBRACE expr RBRACE  (55)

	VAR  shift 35
	.  error

	varlist  goto 36


state 15
	expr : FOCUS . expr LBRACE expr RBRACE  (54)

	INT  shift 3
	VAR  shift 4
	MINUS  shift 5
	LPAREN  shift 6
	TRUE  shift 7
	FALSE  shift 8
	NOT  shift 9
	IF  shift 10
	WHILE  shift 11
	LBRACE  shift 12
	LAMBDA  shift 13
	BRANCH  shift 14
	FOCUS  shift 15
	SLEEP  shift 16
	LET  shift 17
	DESTROY  shift 18
	CLASS  shift 19
	.  error

	expr  goto 37


state 16
	expr : SLEEP . LPAREN expr RPAREN  (43)

	LPAREN  shift 38
	.  error


state 17
	expr : LET . VAR ASSIGN expr IN expr  (56)

	VAR  shift 39
	.  error


state 18
	expr : DESTROY . LPAREN expr RPAREN  (42)

	LPAREN  shift 40
	.  error


state 19
	expr : CLASS . VAR LBRACE paramlist RBRACE  (58)

	VAR  shift 41
	.  error


state 20
	expr : expr . AND expr  (24)
	expr : expr . OR expr  (25)
	expr : expr . PLUS expr  (26)
	expr : expr . MINUS expr  (27)
	expr : expr . TIMES expr  (28)
	expr : expr . DIV expr  (29)
	expr : expr . MOD expr  (30)
	expr : expr . LT expr  (31)
	expr : expr . LEQ expr  (32)
	expr : expr . GT expr  (33)
	expr : expr . GEQ expr  (34)
	expr : expr . NOTEQUALS expr  (35)
	expr : expr . EQUALS expr  (36)
	expr : expr . DOT VAR  (50)
	expr : expr . SEMI expr  (51)
	expr : expr . ASSIGN expr  (57)
	p : expr . EOF  (59)

	PLUS  shift 42
	MINUS  shift 43
	TIMES  shift 44
	DIV  shift 45
	MOD  shift 46
	EQUALS  shift 47
	NOTEQUALS  shift 48
	LT  shift 49
	LEQ  shift 50
	GT  shift 51
	GEQ  shift 52
	AND  shift 53
	OR  shift 54
	ASSIGN  shift 55
	SEMI  shift 56
	EOF  shift 57
	DOT  shift 58
	.  error


state 21
	%entry% : '\001' p .  (60)

	.  reduce 60


state 22
	expr : VAR LPAREN . exprlist RPAREN  (41)

	INT  shift 3
	VAR  shift 4
	MINUS  shift 5
	LPAREN  shift 6
	TRUE  shift 7
	FALSE  shift 8
	NOT  shift 9
	IF  shift 10
	WHILE  shift 11
	LBRACE  shift 12
	LAMBDA  shift 13
	BRANCH  shift 14
	FOCUS  shift 15
	SLEEP  shift 16
	LET  shift 17
	DESTROY  shift 18
	CLASS  shift 19
	.  error

	expr  goto 59
	exprlist  goto 60


state 23
	expr : MINUS expr .  (22)
	expr : expr . AND expr  (24)
	expr : expr . OR expr  (25)
	expr : expr . PLUS expr  (26)
	expr : expr . MINUS expr  (27)
	expr : expr . TIMES expr  (28)
	expr : expr . DIV expr  (29)
	expr : expr . MOD expr  (30)
	expr : expr . LT expr  (31)
	expr : expr . LEQ expr  (32)
	expr : expr . GT expr  (33)
	expr : expr . GEQ expr  (34)
	expr : expr . NOTEQUALS expr  (35)
	expr : expr . EQUALS expr  (36)
	expr : expr . DOT VAR  (50)
	expr : expr . SEMI expr  (51)
	expr : expr . ASSIGN expr  (57)

	TIMES  shift 44
	DIV  shift 45
	MOD  shift 46
	DOT  shift 58
	PLUS  reduce 22
	MINUS  reduce 22
	RPAREN  reduce 22
	EQUALS  reduce 22
	NOTEQUALS  reduce 22
	LT  reduce 22
	LEQ  reduce 22
	GT  reduce 22
	GEQ  reduce 22
	AND  reduce 22
	OR  reduce 22
	ASSIGN  reduce 22
	SEMI  reduce 22
	LBRACE  reduce 22
	RBRACE  reduce 22
	COMMA  reduce 22
	IN  reduce 22
	EOF  reduce 22


state 24
	expr : expr . AND expr  (24)
	expr : expr . OR expr  (25)
	expr : expr . PLUS expr  (26)
	expr : expr . MINUS expr  (27)
	expr : expr . TIMES expr  (28)
	expr : expr . DIV expr  (29)
	expr : expr . MOD expr  (30)
	expr : expr . LT expr  (31)
	expr : expr . LEQ expr  (32)
	expr : expr . GT expr  (33)
	expr : expr . GEQ expr  (34)
	expr : expr . NOTEQUALS expr  (35)
	expr : expr . EQUALS expr  (36)
	expr : LPAREN expr . RPAREN  (48)
	expr : expr . DOT VAR  (50)
	expr : expr . SEMI expr  (51)
	expr : expr . ASSIGN expr  (57)

	PLUS  shift 42
	MINUS  shift 43
	TIMES  shift 44
	DIV  shift 45
	MOD  shift 46
	RPAREN  shift 61
	EQUALS  shift 47
	NOTEQUALS  shift 48
	LT  shift 49
	LEQ  shift 50
	GT  shift 51
	GEQ  shift 52
	AND  shift 53
	OR  shift 54
	ASSIGN  shift 55
	SEMI  shift 56
	DOT  shift 58
	.  error


state 25
	expr : NOT expr .  (23)
	expr : expr . AND expr  (24)
	expr : expr . OR expr  (25)
	expr : expr . PLUS expr  (26)
	expr : expr . MINUS expr  (27)
	expr : expr . TIMES expr  (28)
	expr : expr . DIV expr  (29)
	expr : expr . MOD expr  (30)
	expr : expr . LT expr  (31)
	expr : expr . LEQ expr  (32)
	expr : expr . GT expr  (33)
	expr : expr . GEQ expr  (34)
	expr : expr . NOTEQUALS expr  (35)
	expr : expr . EQUALS expr  (36)
	expr : expr . DOT VAR  (50)
	expr : expr . SEMI expr  (51)
	expr : expr . ASSIGN expr  (57)

	PLUS  shift 42
	MINUS  shift 43
	TIMES  shift 44
	DIV  shift 45
	MOD  shift 46
	EQUALS  shift 47
	NOTEQUALS  shift 48
	LT  shift 49
	LEQ  shift 50
	GT  shift 51
	GEQ  shift 52
	DOT  shift 58
	RPAREN  reduce 23
	AND  reduce 23
	OR  reduce 23
	ASSIGN  reduce 23
	SEMI  reduce 23
	LBRACE  reduce 23
	RBRACE  reduce 23
	COMMA  reduce 23
	IN  reduce 23
	EOF  reduce 23


state 26
	expr : expr . AND expr  (24)
	expr : expr . OR expr  (25)
	expr : expr . PLUS expr  (26)
	expr : expr . MINUS expr  (27)
	expr : expr . TIMES expr  (28)
	expr : expr . DIV expr  (29)
	expr : expr . MOD expr  (30)
	expr : expr . LT expr  (31)
	expr : expr . LEQ expr  (32)
	expr : expr . GT expr  (33)
	expr : expr . GEQ expr  (34)
	expr : expr . NOTEQUALS expr  (35)
	expr : expr . EQUALS expr  (36)
	expr : expr . DOT VAR  (50)
	expr : expr . SEMI expr  (51)
	expr : IF expr . LBRACE expr RBRACE ELSE LBRACE expr RBRACE  (52)
	expr : expr . ASSIGN expr  (57)

	PLUS  shift 42
	MINUS  shift 43
	TIMES  shift 44
	DIV  shift 45
	MOD  shift 46
	EQUALS  shift 47
	NOTEQUALS  shift 48
	LT  shift 49
	LEQ  shift 50
	GT  shift 51
	GEQ  shift 52
	AND  shift 53
	OR  shift 54
	ASSIGN  shift 55
	SEMI  shift 56
	LBRACE  shift 62
	DOT  shift 58
	.  error


state 27
	expr : expr . AND expr  (24)
	expr : expr . OR expr  (25)
	expr : expr . PLUS expr  (26)
	expr : expr . MINUS expr  (27)
	expr : expr . TIMES expr  (28)
	expr : expr . DIV expr  (29)
	expr : expr . MOD expr  (30)
	expr : expr . LT expr  (31)
	expr : expr . LEQ expr  (32)
	expr : expr . GT expr  (33)
	expr : expr . GEQ expr  (34)
	expr : expr . NOTEQUALS expr  (35)
	expr : expr . EQUALS expr  (36)
	expr : expr . DOT VAR  (50)
	expr : expr . SEMI expr  (51)
	expr : WHILE expr . LBRACE expr RBRACE  (53)
	expr : expr . ASSIGN expr  (57)

	PLUS  shift 42
	MINUS  shift 43
	TIMES  shift 44
	DIV  shift 45
	MOD  shift 46
	EQUALS  shift 47
	NOTEQUALS  shift 48
	LT  shift 49
	LEQ  shift 50
	GT  shift 51
	GEQ  shift 52
	AND  shift 53
	OR  shift 54
	ASSIGN  shift 55
	SEMI  shift 56
	LBRACE  shift 63
	DOT  shift 58
	.  error


state 28
	field_bind : VAR . COLON expr  (16)

	COLON  shift 64
	.  error


state 29
	field_bind : U . VAR COLON expr  (17)

	VAR  shift 65
	.  error


state 30
	field_bind : MUT . VAR COLON expr  (18)
	field_bind : MUT . U VAR COLON expr  (19)

	VAR  shift 66
	U  shift 67
	.  error


state 31
	fieldbindlist : field_bind .  (20)
	fieldbindlist : field_bind . COMMA fieldbindlist  (21)

	COMMA  shift 68
	RBRACE  reduce 20


state 32
	expr : LBRACE fieldbindlist . RBRACE  (49)

	RBRACE  shift 69
	.  error


state 33
	expr : LAMBDA VAR . LPAREN OR paramlist RPAREN ARROW type LBRACE expr RBRACE  (38)
	expr : LAMBDA VAR . LPAREN varlist OR paramlist RPAREN ARROW type LBRACE expr RBRACE  (40)

	LPAREN  shift 70
	.  error


state 34
	expr : LAMBDA LPAREN . OR paramlist RPAREN ARROW type LBRACE expr RBRACE  (37)
	expr : LAMBDA LPAREN . varlist OR paramlist RPAREN ARROW type LBRACE expr RBRACE  (39)

	VAR  shift 35
	OR  shift 71
	.  error

	varlist  goto 72


state 35
	varlist : VAR .  (8)
	varlist : VAR . COMMA varlist  (9)

	COMMA  shift 73
	OR  reduce 8
	LBRACE  reduce 8


state 36
	expr : BRANCH varlist . LBRACE expr RBRACE  (55)

	LBRACE  shift 74
	.  error


state 37
	expr : expr . AND expr  (24)
	expr : expr . OR expr  (25)
	expr : expr . PLUS expr  (26)
	expr : expr . MINUS expr  (27)
	expr : expr . TIMES expr  (28)
	expr : expr . DIV expr  (29)
	expr : expr . MOD expr  (30)
	expr : expr . LT expr  (31)
	expr : expr . LEQ expr  (32)
	expr : expr . GT expr  (33)
	expr : expr . GEQ expr  (34)
	expr : expr . NOTEQUALS expr  (35)
	expr : expr . EQUALS expr  (36)
	expr : expr . DOT VAR  (50)
	expr : expr . SEMI expr  (51)
	expr : FOCUS expr . LBRACE expr RBRACE  (54)
	expr : expr . ASSIGN expr  (57)

	PLUS  shift 42
	MINUS  shift 43
	TIMES  shift 44
	DIV  shift 45
	MOD  shift 46
	EQUALS  shift 47
	NOTEQUALS  shift 48
	LT  shift 49
	LEQ  shift 50
	GT  shift 51
	GEQ  shift 52
	AND  shift 53
	OR  shift 54
	ASSIGN  shift 55
	SEMI  shift 56
	LBRACE  shift 75
	DOT  shift 58
	.  error


state 38
	expr : SLEEP LPAREN . expr RPAREN  (43)

	INT  shift 3
	VAR  shift 4
	MINUS  shift 5
	LPAREN  shift 6
	TRUE  shift 7
	FALSE  shift 8
	NOT  shift 9
	IF  shift 10
	WHILE  shift 11
	LBRACE  shift 12
	LAMBDA  shift 13
	BRANCH  shift 14
	FOCUS  shift 15
	SLEEP  shift 16
	LET  shift 17
	DESTROY  shift 18
	CLASS  shift 19
	.  error

	expr  goto 76


state 39
	expr : LET VAR . ASSIGN expr IN expr  (56)

	ASSIGN  shift 77
	.  error


state 40
	expr : DESTROY LPAREN . expr RPAREN  (42)

	INT  shift 3
	VAR  shift 4
	MINUS  shift 5
	LPAREN  shift 6
	TRUE  shift 7
	FALSE  shift 8
	NOT  shift 9
	IF  shift 10
	WHILE  shift 11
	LBRACE  shift 12
	LAMBDA  shift 13
	BRANCH  shift 14
	FOCUS  shift 15
	SLEEP  shift 16
	LET  shift 17
	DESTROY  shift 18
	CLASS  shift 19
	.  error

	expr  goto 78


state 41
	expr : CLASS VAR . LBRACE paramlist RBRACE  (58)

	LBRACE  shift 79
	.  error


state 42
	expr : expr PLUS . expr  (26)

	INT  shift 3
	VAR  shift 4
	MINUS  shift 5
	LPAREN  shift 6
	TRUE  shift 7
	FALSE  shift 8
	NOT  shift 9
	IF  shift 10
	WHILE  shift 11
	LBRACE  shift 12
	LAMBDA  shift 13
	BRANCH  shift 14
	FOCUS  shift 15
	SLEEP  shift 16
	LET  shift 17
	DESTROY  shift 18
	CLASS  shift 19
	.  error

	expr  goto 80


state 43
	expr : expr MINUS . expr  (27)

	INT  shift 3
	VAR  shift 4
	MINUS  shift 5
	LPAREN  shift 6
	TRUE  shift 7
	FALSE  shift 8
	NOT  shift 9
	IF  shift 10
	WHILE  shift 11
	LBRACE  shift 12
	LAMBDA  shift 13
	BRANCH  shift 14
	FOCUS  shift 15
	SLEEP  shift 16
	LET  shift 17
	DESTROY  shift 18
	CLASS  shift 19
	.  error

	expr  goto 81


state 44
	expr : expr TIMES . expr  (28)

	INT  shift 3
	VAR  shift 4
	MINUS  shift 5
	LPAREN  shift 6
	TRUE  shift 7
	FALSE  shift 8
	NOT  shift 9
	IF  shift 10
	WHILE  shift 11
	LBRACE  shift 12
	LAMBDA  shift 13
	BRANCH  shift 14
	FOCUS  shift 15
	SLEEP  shift 16
	LET  shift 17
	DESTROY  shift 18
	CLASS  shift 19
	.  error

	expr  goto 82


state 45
	expr : expr DIV . expr  (29)

	INT  shift 3
	VAR  shift 4
	MINUS  shift 5
	LPAREN  shift 6
	TRUE  shift 7
	FALSE  shift 8
	NOT  shift 9
	IF  shift 10
	WHILE  shift 11
	LBRACE  shift 12
	LAMBDA  shift 13
	BRANCH  shift 14
	FOCUS  shift 15
	SLEEP  shift 16
	LET  shift 17
	DESTROY  shift 18
	CLASS  shift 19
	.  error

	expr  goto 83


state 46
	expr : expr MOD . expr  (30)

	INT  shift 3
	VAR  shift 4
	MINUS  shift 5
	LPAREN  shift 6
	TRUE  shift 7
	FALSE  shift 8
	NOT  shift 9
	IF  shift 10
	WHILE  shift 11
	LBRACE  shift 12
	LAMBDA  shift 13
	BRANCH  shift 14
	FOCUS  shift 15
	SLEEP  shift 16
	LET  shift 17
	DESTROY  shift 18
	CLASS  shift 19
	.  error

	expr  goto 84


state 47
	expr : expr EQUALS . expr  (36)

	INT  shift 3
	VAR  shift 4
	MINUS  shift 5
	LPAREN  shift 6
	TRUE  shift 7
	FALSE  shift 8
	NOT  shift 9
	IF  shift 10
	WHILE  shift 11
	LBRACE  shift 12
	LAMBDA  shift 13
	BRANCH  shift 14
	FOCUS  shift 15
	SLEEP  shift 16
	LET  shift 17
	DESTROY  shift 18
	CLASS  shift 19
	.  error

	expr  goto 85


state 48
	expr : expr NOTEQUALS . expr  (35)

	INT  shift 3
	VAR  shift 4
	MINUS  shift 5
	LPAREN  shift 6
	TRUE  shift 7
	FALSE  shift 8
	NOT  shift 9
	IF  shift 10
	WHILE  shift 11
	LBRACE  shift 12
	LAMBDA  shift 13
	BRANCH  shift 14
	FOCUS  shift 15
	SLEEP  shift 16
	LET  shift 17
	DESTROY  shift 18
	CLASS  shift 19
	.  error

	expr  goto 86


state 49
	expr : expr LT . expr  (31)

	INT  shift 3
	VAR  shift 4
	MINUS  shift 5
	LPAREN  shift 6
	TRUE  shift 7
	FALSE  shift 8
	NOT  shift 9
	IF  shift 10
	WHILE  shift 11
	LBRACE  shift 12
	LAMBDA  shift 13
	BRANCH  shift 14
	FOCUS  shift 15
	SLEEP  shift 16
	LET  shift 17
	DESTROY  shift 18
	CLASS  shift 19
	.  error

	expr  goto 87


state 50
	expr : expr LEQ . expr  (32)

	INT  shift 3
	VAR  shift 4
	MINUS  shift 5
	LPAREN  shift 6
	TRUE  shift 7
	FALSE  shift 8
	NOT  shift 9
	IF  shift 10
	WHILE  shift 11
	LBRACE  shift 12
	LAMBDA  shift 13
	BRANCH  shift 14
	FOCUS  shift 15
	SLEEP  shift 16
	LET  shift 17
	DESTROY  shift 18
	CLASS  shift 19
	.  error

	expr  goto 88


state 51
	expr : expr GT . expr  (33)

	INT  shift 3
	VAR  shift 4
	MINUS  shift 5
	LPAREN  shift 6
	TRUE  shift 7
	FALSE  shift 8
	NOT  shift 9
	IF  shift 10
	WHILE  shift 11
	LBRACE  shift 12
	LAMBDA  shift 13
	BRANCH  shift 14
	FOCUS  shift 15
	SLEEP  shift 16
	LET  shift 17
	DESTROY  shift 18
	CLASS  shift 19
	.  error

	expr  goto 89


state 52
	expr : expr GEQ . expr  (34)

	INT  shift 3
	VAR  shift 4
	MINUS  shift 5
	LPAREN  shift 6
	TRUE  shift 7
	FALSE  shift 8
	NOT  shift 9
	IF  shift 10
	WHILE  shift 11
	LBRACE  shift 12
	LAMBDA  shift 13
	BRANCH  shift 14
	FOCUS  shift 15
	SLEEP  shift 16
	LET  shift 17
	DESTROY  shift 18
	CLASS  shift 19
	.  error

	expr  goto 90


state 53
	expr : expr AND . expr  (24)

	INT  shift 3
	VAR  shift 4
	MINUS  shift 5
	LPAREN  shift 6
	TRUE  shift 7
	FALSE  shift 8
	NOT  shift 9
	IF  shift 10
	WHILE  shift 11
	LBRACE  shift 12
	LAMBDA  shift 13
	BRANCH  shift 14
	FOCUS  shift 15
	SLEEP  shift 16
	LET  shift 17
	DESTROY  shift 18
	CLASS  shift 19
	.  error

	expr  goto 91


state 54
	expr : expr OR . expr  (25)

	INT  shift 3
	VAR  shift 4
	MINUS  shift 5
	LPAREN  shift 6
	TRUE  shift 7
	FALSE  shift 8
	NOT  shift 9
	IF  shift 10
	WHILE  shift 11
	LBRACE  shift 12
	LAMBDA  shift 13
	BRANCH  shift 14
	FOCUS  shift 15
	SLEEP  shift 16
	LET  shift 17
	DESTROY  shift 18
	CLASS  shift 19
	.  error

	expr  goto 92


state 55
	expr : expr ASSIGN . expr  (57)

	INT  shift 3
	VAR  shift 4
	MINUS  shift 5
	LPAREN  shift 6
	TRUE  shift 7
	FALSE  shift 8
	NOT  shift 9
	IF  shift 10
	WHILE  shift 11
	LBRACE  shift 12
	LAMBDA  shift 13
	BRANCH  shift 14
	FOCUS  shift 15
	SLEEP  shift 16
	LET  shift 17
	DESTROY  shift 18
	CLASS  shift 19
	.  error

	expr  goto 93


state 56
	expr : expr SEMI . expr  (51)

	INT  shift 3
	VAR  shift 4
	MINUS  shift 5
	LPAREN  shift 6
	TRUE  shift 7
	FALSE  shift 8
	NOT  shift 9
	IF  shift 10
	WHILE  shift 11
	LBRACE  shift 12
	LAMBDA  shift 13
	BRANCH  shift 14
	FOCUS  shift 15
	SLEEP  shift 16
	LET  shift 17
	DESTROY  shift 18
	CLASS  shift 19
	.  error

	expr  goto 94


state 57
	p : expr EOF .  (59)

	.  reduce 59


state 58
	expr : expr DOT . VAR  (50)

	VAR  shift 95
	.  error


state 59
	exprlist : expr .  (14)
	exprlist : expr . COMMA exprlist  (15)
	expr : expr . AND expr  (24)
	expr : expr . OR expr  (25)
	expr : expr . PLUS expr  (26)
	expr : expr . MINUS expr  (27)
	expr : expr . TIMES expr  (28)
	expr : expr . DIV expr  (29)
	expr : expr . MOD expr  (30)
	expr : expr . LT expr  (31)
	expr : expr . LEQ expr  (32)
	expr : expr . GT expr  (33)
	expr : expr . GEQ expr  (34)
	expr : expr . NOTEQUALS expr  (35)
	expr : expr . EQUALS expr  (36)
	expr : expr . DOT VAR  (50)
	expr : expr . SEMI expr  (51)
	expr : expr . ASSIGN expr  (57)

	PLUS  shift 42
	MINUS  shift 43
	TIMES  shift 44
	DIV  shift 45
	MOD  shift 46
	EQUALS  shift 47
	NOTEQUALS  shift 48
	LT  shift 49
	LEQ  shift 50
	GT  shift 51
	GEQ  shift 52
	AND  shift 53
	OR  shift 54
	ASSIGN  shift 55
	SEMI  shift 56
	COMMA  shift 96
	DOT  shift 58
	RPAREN  reduce 14


state 60
	expr : VAR LPAREN exprlist . RPAREN  (41)

	RPAREN  shift 97
	.  error


state 61
	expr : LPAREN expr RPAREN .  (48)

	.  reduce 48


state 62
	expr : IF expr LBRACE . expr RBRACE ELSE LBRACE expr RBRACE  (52)

	INT  shift 3
	VAR  shift 4
	MINUS  shift 5
	LPAREN  shift 6
	TRUE  shift 7
	FALSE  shift 8
	NOT  shift 9
	IF  shift 10
	WHILE  shift 11
	LBRACE  shift 12
	LAMBDA  shift 13
	BRANCH  shift 14
	FOCUS  shift 15
	SLEEP  shift 16
	LET  shift 17
	DESTROY  shift 18
	CLASS  shift 19
	.  error

	expr  goto 98


state 63
	expr : WHILE expr LBRACE . expr RBRACE  (53)

	INT  shift 3
	VAR  shift 4
	MINUS  shift 5
	LPAREN  shift 6
	TRUE  shift 7
	FALSE  shift 8
	NOT  shift 9
	IF  shift 10
	WHILE  shift 11
	LBRACE  shift 12
	LAMBDA  shift 13
	BRANCH  shift 14
	FOCUS  shift 15
	SLEEP  shift 16
	LET  shift 17
	DESTROY  shift 18
	CLASS  shift 19
	.  error

	expr  goto 99


state 64
	field_bind : VAR COLON . expr  (16)

	INT  shift 3
	VAR  shift 4
	MINUS  shift 5
	LPAREN  shift 6
	TRUE  shift 7
	FALSE  shift 8
	NOT  shift 9
	IF  shift 10
	WHILE  shift 11
	LBRACE  shift 12
	LAMBDA  shift 13
	BRANCH  shift 14
	FOCUS  shift 15
	SLEEP  shift 16
	LET  shift 17
	DESTROY  shift 18
	CLASS  shift 19
	.  error

	expr  goto 100


state 65
	field_bind : U VAR . COLON expr  (17)

	COLON  shift 101
	.  error


state 66
	field_bind : MUT VAR . COLON expr  (18)

	COLON  shift 102
	.  error


state 67
	field_bind : MUT U . VAR COLON expr  (19)

	VAR  shift 103
	.  error


state 68
	fieldbindlist : field_bind COMMA . fieldbindlist  (21)

	VAR  shift 28
	U  shift 29
	MUT  shift 30
	.  error

	field_bind  goto 31
	fieldbindlist  goto 104


state 69
	expr : LBRACE fieldbindlist RBRACE .  (49)

	.  reduce 49


state 70
	expr : LAMBDA VAR LPAREN . OR paramlist RPAREN ARROW type LBRACE expr RBRACE  (38)
	expr : LAMBDA VAR LPAREN . varlist OR paramlist RPAREN ARROW type LBRACE expr RBRACE  (40)

	VAR  shift 35
	OR  shift 105
	.  error

	varlist  goto 106


state 71
	expr : LAMBDA LPAREN OR . paramlist RPAREN ARROW type LBRACE expr RBRACE  (37)

	VAR  shift 107
	U  shift 108
	.  error

	paramlist  goto 109


state 72
	expr : LAMBDA LPAREN varlist . OR paramlist RPAREN ARROW type LBRACE expr RBRACE  (39)

	OR  shift 110
	.  error


state 73
	varlist : VAR COMMA . varlist  (9)

	VAR  shift 35
	.  error

	varlist  goto 111


state 74
	expr : BRANCH varlist LBRACE . expr RBRACE  (55)

	INT  shift 3
	VAR  shift 4
	MINUS  shift 5
	LPAREN  shift 6
	TRUE  shift 7
	FALSE  shift 8
	NOT  shift 9
	IF  shift 10
	WHILE  shift 11
	LBRACE  shift 12
	LAMBDA  shift 13
	BRANCH  shift 14
	FOCUS  shift 15
	SLEEP  shift 16
	LET  shift 17
	DESTROY  shift 18
	CLASS  shift 19
	.  error

	expr  goto 112


state 75
	expr : FOCUS expr LBRACE . expr RBRACE  (54)

	INT  shift 3
	VAR  shift 4
	MINUS  shift 5
	LPAREN  shift 6
	TRUE  shift 7
	FALSE  shift 8
	NOT  shift 9
	IF  shift 10
	WHILE  shift 11
	LBRACE  shift 12
	LAMBDA  shift 13
	BRANCH  shift 14
	FOCUS  shift 15
	SLEEP  shift 16
	LET  shift 17
	DESTROY  shift 18
	CLASS  shift 19
	.  error

	expr  goto 113


state 76
	expr : expr . AND expr  (24)
	expr : expr . OR expr  (25)
	expr : expr . PLUS expr  (26)
	expr : expr . MINUS expr  (27)
	expr : expr . TIMES expr  (28)
	expr : expr . DIV expr  (29)
	expr : expr . MOD expr  (30)
	expr : expr . LT expr  (31)
	expr : expr . LEQ expr  (32)
	expr : expr . GT expr  (33)
	expr : expr . GEQ expr  (34)
	expr : expr . NOTEQUALS expr  (35)
	expr : expr . EQUALS expr  (36)
	expr : SLEEP LPAREN expr . RPAREN  (43)
	expr : expr . DOT VAR  (50)
	expr : expr . SEMI expr  (51)
	expr : expr . ASSIGN expr  (57)

	PLUS  shift 42
	MINUS  shift 43
	TIMES  shift 44
	DIV  shift 45
	MOD  shift 46
	RPAREN  shift 114
	EQUALS  shift 47
	NOTEQUALS  shift 48
	LT  shift 49
	LEQ  shift 50
	GT  shift 51
	GEQ  shift 52
	AND  shift 53
	OR  shift 54
	ASSIGN  shift 55
	SEMI  shift 56
	DOT  shift 58
	.  error


state 77
	expr : LET VAR ASSIGN . expr IN expr  (56)

	INT  shift 3
	VAR  shift 4
	MINUS  shift 5
	LPAREN  shift 6
	TRUE  shift 7
	FALSE  shift 8
	NOT  shift 9
	IF  shift 10
	WHILE  shift 11
	LBRACE  shift 12
	LAMBDA  shift 13
	BRANCH  shift 14
	FOCUS  shift 15
	SLEEP  shift 16
	LET  shift 17
	DESTROY  shift 18
	CLASS  shift 19
	.  error

	expr  goto 115


state 78
	expr : expr . AND expr  (24)
	expr : expr . OR expr  (25)
	expr : expr . PLUS expr  (26)
	expr : expr . MINUS expr  (27)
	expr : expr . TIMES expr  (28)
	expr : expr . DIV expr  (29)
	expr : expr . MOD expr  (30)
	expr : expr . LT expr  (31)
	expr : expr . LEQ expr  (32)
	expr : expr . GT expr  (33)
	expr : expr . GEQ expr  (34)
	expr : expr . NOTEQUALS expr  (35)
	expr : expr . EQUALS expr  (36)
	expr : DESTROY LPAREN expr . RPAREN  (42)
	expr : expr . DOT VAR  (50)
	expr : expr . SEMI expr  (51)
	expr : expr . ASSIGN expr  (57)

	PLUS  shift 42
	MINUS  shift 43
	TIMES  shift 44
	DIV  shift 45
	MOD  shift 46
	RPAREN  shift 116
	EQUALS  shift 47
	NOTEQUALS  shift 48
	LT  shift 49
	LEQ  shift 50
	GT  shift 51
	GEQ  shift 52
	AND  shift 53
	OR  shift 54
	ASSIGN  shift 55
	SEMI  shift 56
	DOT  shift 58
	.  error


state 79
	expr : CLASS VAR LBRACE . paramlist RBRACE  (58)

	VAR  shift 107
	U  shift 108
	.  error

	paramlist  goto 117


state 80
	expr : expr . AND expr  (24)
	expr : expr . OR expr  (25)
	expr : expr . PLUS expr  (26)
	expr : expr PLUS expr .  (26)
	expr : expr . MINUS expr  (27)
	expr : expr . TIMES expr  (28)
	expr : expr . DIV expr  (29)
	expr : expr . MOD expr  (30)
	expr : expr . LT expr  (31)
	expr : expr . LEQ expr  (32)
	expr : expr . GT expr  (33)
	expr : expr . GEQ expr  (34)
	expr : expr . NOTEQUALS expr  (35)
	expr : expr . EQUALS expr  (36)
	expr : expr . DOT VAR  (50)
	expr : expr . SEMI expr  (51)
	expr : expr . ASSIGN expr  (57)

	TIMES  shift 44
	DIV  shift 45
	MOD  shift 46
	DOT  shift 58
	PLUS  reduce 26
	MINUS  reduce 26
	RPAREN  reduce 26
	EQUALS  reduce 26
	NOTEQUALS  reduce 26
	LT  reduce 26
	LEQ  reduce 26
	GT  reduce 26
	GEQ  reduce 26
	AND  reduce 26
	OR  reduce 26
	ASSIGN  reduce 26
	SEMI  reduce 26
	LBRACE  reduce 26
	RBRACE  reduce 26
	COMMA  reduce 26
	IN  reduce 26
	EOF  reduce 26


state 81
	expr : expr . AND expr  (24)
	expr : expr . OR expr  (25)
	expr : expr . PLUS expr  (26)
	expr : expr . MINUS expr  (27)
	expr : expr MINUS expr .  (27)
	expr : expr . TIMES expr  (28)
	expr : expr . DIV expr  (29)
	expr : expr . MOD expr  (30)
	expr : expr . LT expr  (31)
	expr : expr . LEQ expr  (32)
	expr : expr . GT expr  (33)
	expr : expr . GEQ expr  (34)
	expr : expr . NOTEQUALS expr  (35)
	expr : expr . EQUALS expr  (36)
	expr : expr . DOT VAR  (50)
	expr : expr . SEMI expr  (51)
	expr : expr . ASSIGN expr  (57)

	TIMES  shift 44
	DIV  shift 45
	MOD  shift 46
	DOT  shift 58
	PLUS  reduce 27
	MINUS  reduce 27
	RPAREN  reduce 27
	EQUALS  reduce 27
	NOTEQUALS  reduce 27
	LT  reduce 27
	LEQ  reduce 27
	GT  reduce 27
	GEQ  reduce 27
	AND  reduce 27
	OR  reduce 27
	ASSIGN  reduce 27
	SEMI  reduce 27
	LBRACE  reduce 27
	RBRACE  reduce 27
	COMMA  reduce 27
	IN  reduce 27
	EOF  reduce 27


state 82
	expr : expr . AND expr  (24)
	expr : expr . OR expr  (25)
	expr : expr . PLUS expr  (26)
	expr : expr . MINUS expr  (27)
	expr : expr . TIMES expr  (28)
	expr : expr TIMES expr .  (28)
	expr : expr . DIV expr  (29)
	expr : expr . MOD expr  (30)
	expr : expr . LT expr  (31)
	expr : expr . LEQ expr  (32)
	expr : expr . GT expr  (33)
	expr : expr . GEQ expr  (34)
	expr : expr . NOTEQUALS expr  (35)
	expr : expr . EQUALS expr  (36)
	expr : expr . DOT VAR  (50)
	expr : expr . SEMI expr  (51)
	expr : expr . ASSIGN expr  (57)

	DOT  shift 58
	PLUS  reduce 28
	MINUS  reduce 28
	TIMES  reduce 28
	DIV  reduce 28
	MOD  reduce 28
	RPAREN  reduce 28
	EQUALS  reduce 28
	NOTEQUALS  reduce 28
	LT  reduce 28
	LEQ  reduce 28
	GT  reduce 28
	GEQ  reduce 28
	AND  reduce 28
	OR  reduce 28
	ASSIGN  reduce 28
	SEMI  reduce 28
	LBRACE  reduce 28
	RBRACE  reduce 28
	COMMA  reduce 28
	IN  reduce 28
	EOF  reduce 28


state 83
	expr : expr . AND expr  (24)
	expr : expr . OR expr  (25)
	expr : expr . PLUS expr  (26)
	expr : expr . MINUS expr  (27)
	expr : expr . TIMES expr  (28)
	expr : expr . DIV expr  (29)
	expr : expr DIV expr .  (29)
	expr : expr . MOD expr  (30)
	expr : expr . LT expr  (31)
	expr : expr . LEQ expr  (32)
	expr : expr . GT expr  (33)
	expr : expr . GEQ expr  (34)
	expr : expr . NOTEQUALS expr  (35)
	expr : expr . EQUALS expr  (36)
	expr : expr . DOT VAR  (50)
	expr : expr . SEMI expr  (51)
	expr : expr . ASSIGN expr  (57)

	DOT  shift 58
	PLUS  reduce 29
	MINUS  reduce 29
	TIMES  reduce 29
	DIV  reduce 29
	MOD  reduce 29
	RPAREN  reduce 29
	EQUALS  reduce 29
	NOTEQUALS  reduce 29
	LT  reduce 29
	LEQ  reduce 29
	GT  reduce 29
	GEQ  reduce 29
	AND  reduce 29
	OR  reduce 29
	ASSIGN  reduce 29
	SEMI  reduce 29
	LBRACE  reduce 29
	RBRACE  reduce 29
	COMMA  reduce 29
	IN  reduce 29
	EOF  reduce 29


state 84
	expr : expr . AND expr  (24)
	expr : expr . OR expr  (25)
	expr : expr . PLUS expr  (26)
	expr : expr . MINUS expr  (27)
	expr : expr . TIMES expr  (28)
	expr : expr . DIV expr  (29)
	expr : expr . MOD expr  (30)
	expr : expr MOD expr .  (30)
	expr : expr . LT expr  (31)
	expr : expr . LEQ expr  (32)
	expr : expr . GT expr  (33)
	expr : expr . GEQ expr  (34)
	expr : expr . NOTEQUALS expr  (35)
	expr : expr . EQUALS expr  (36)
	expr : expr . DOT VAR  (50)
	expr : expr . SEMI expr  (51)
	expr : expr . ASSIGN expr  (57)

	DOT  shift 58
	PLUS  reduce 30
	MINUS  reduce 30
	TIMES  reduce 30
	DIV  reduce 30
	MOD  reduce 30
	RPAREN  reduce 30
	EQUALS  reduce 30
	NOTEQUALS  reduce 30
	LT  reduce 30
	LEQ  reduce 30
	GT  reduce 30
	GEQ  reduce 30
	AND  reduce 30
	OR  reduce 30
	ASSIGN  reduce 30
	SEMI  reduce 30
	LBRACE  reduce 30
	RBRACE  reduce 30
	COMMA  reduce 30
	IN  reduce 30
	EOF  reduce 30


state 85
	expr : expr . AND expr  (24)
	expr : expr . OR expr  (25)
	expr : expr . PLUS expr  (26)
	expr : expr . MINUS expr  (27)
	expr : expr . TIMES expr  (28)
	expr : expr . DIV expr  (29)
	expr : expr . MOD expr  (30)
	expr : expr . LT expr  (31)
	expr : expr . LEQ expr  (32)
	expr : expr . GT expr  (33)
	expr : expr . GEQ expr  (34)
	expr : expr . NOTEQUALS expr  (35)
	expr : expr . EQUALS expr  (36)
	expr : expr EQUALS expr .  (36)
	expr : expr . DOT VAR  (50)
	expr : expr . SEMI expr  (51)
	expr : expr . ASSIGN expr  (57)

	PLUS  shift 42
	MINUS  shift 43
	TIMES  shift 44
	DIV  shift 45
	MOD  shift 46
	LT  shift 49
	LEQ  shift 50
	GT  shift 51
	GEQ  shift 52
	DOT  shift 58
	RPAREN  reduce 36
	EQUALS  reduce 36
	NOTEQUALS  reduce 36
	AND  reduce 36
	OR  reduce 36
	ASSIGN  reduce 36
	SEMI  reduce 36
	LBRACE  reduce 36
	RBRACE  reduce 36
	COMMA  reduce 36
	IN  reduce 36
	EOF  reduce 36


state 86
	expr : expr . AND expr  (24)
	expr : expr . OR expr  (25)
	expr : expr . PLUS expr  (26)
	expr : expr . MINUS expr  (27)
	expr : expr . TIMES expr  (28)
	expr : expr . DIV expr  (29)
	expr : expr . MOD expr  (30)
	expr : expr . LT expr  (31)
	expr : expr . LEQ expr  (32)
	expr : expr . GT expr  (33)
	expr : expr . GEQ expr  (34)
	expr : expr . NOTEQUALS expr  (35)
	expr : expr NOTEQUALS expr .  (35)
	expr : expr . EQUALS expr  (36)
	expr : expr . DOT VAR  (50)
	expr : expr . SEMI expr  (51)
	expr : expr . ASSIGN expr  (57)

	PLUS  shift 42
	MINUS  shift 43
	TIMES  shift 44
	DIV  shift 45
	MOD  shift 46
	LT  shift 49
	LEQ  shift 50
	GT  shift 51
	GEQ  shift 52
	DOT  shift 58
	RPAREN  reduce 35
	EQUALS  reduce 35
	NOTEQUALS  reduce 35
	AND  reduce 35
	OR  reduce 35
	ASSIGN  reduce 35
	SEMI  reduce 35
	LBRACE  reduce 35
	RBRACE  reduce 35
	COMMA  reduce 35
	IN  reduce 35
	EOF  reduce 35


state 87
	expr : expr . AND expr  (24)
	expr : expr . OR expr  (25)
	expr : expr . PLUS expr  (26)
	expr : expr . MINUS expr  (27)
	expr : expr . TIMES expr  (28)
	expr : expr . DIV expr  (29)
	expr : expr . MOD expr  (30)
	expr : expr . LT expr  (31)
	expr : expr LT expr .  (31)
	expr : expr . LEQ expr  (32)
	expr : expr . GT expr  (33)
	expr : expr . GEQ expr  (34)
	expr : expr . NOTEQUALS expr  (35)
	expr : expr . EQUALS expr  (36)
	expr : expr . DOT VAR  (50)
	expr : expr . SEMI expr  (51)
	expr : expr . ASSIGN expr  (57)

	PLUS  shift 42
	MINUS  shift 43
	TIMES  shift 44
	DIV  shift 45
	MOD  shift 46
	DOT  shift 58
	RPAREN  reduce 31
	EQUALS  reduce 31
	NOTEQUALS  reduce 31
	LT  reduce 31
	LEQ  reduce 31
	GT  reduce 31
	GEQ  reduce 31
	AND  reduce 31
	OR  reduce 31
	ASSIGN  reduce 31
	SEMI  reduce 31
	LBRACE  reduce 31
	RBRACE  reduce 31
	COMMA  reduce 31
	IN  reduce 31
	EOF  reduce 31


state 88
	expr : expr . AND expr  (24)
	expr : expr . OR expr  (25)
	expr : expr . PLUS expr  (26)
	expr : expr . MINUS expr  (27)
	expr : expr . TIMES expr  (28)
	expr : expr . DIV expr  (29)
	expr : expr . MOD expr  (30)
	expr : expr . LT expr  (31)
	expr : expr . LEQ expr  (32)
	expr : expr LEQ expr .  (32)
	expr : expr . GT expr  (33)
	expr : expr . GEQ expr  (34)
	expr : expr . NOTEQUALS expr  (35)
	expr : expr . EQUALS expr  (36)
	expr : expr . DOT VAR  (50)
	expr : expr . SEMI expr  (51)
	expr : expr . ASSIGN expr  (57)

	PLUS  shift 42
	MINUS  shift 43
	TIMES  shift 44
	DIV  shift 45
	MOD  shift 46
	DOT  shift 58
	RPAREN  reduce 32
	EQUALS  reduce 32
	NOTEQUALS  reduce 32
	LT  reduce 32
	LEQ  reduce 32
	GT  reduce 32
	GEQ  reduce 32
	AND  reduce 32
	OR  reduce 32
	ASSIGN  reduce 32
	SEMI  reduce 32
	LBRACE  reduce 32
	RBRACE  reduce 32
	COMMA  reduce 32
	IN  reduce 32
	EOF  reduce 32


state 89
	expr : expr . AND expr  (24)
	expr : expr . OR expr  (25)
	expr : expr . PLUS expr  (26)
	expr : expr . MINUS expr  (27)
	expr : expr . TIMES expr  (28)
	expr : expr . DIV expr  (29)
	expr : expr . MOD expr  (30)
	expr : expr . LT expr  (31)
	expr : expr . LEQ expr  (32)
	expr : expr . GT expr  (33)
	expr : expr GT expr .  (33)
	expr : expr . GEQ expr  (34)
	expr : expr . NOTEQUALS expr  (35)
	expr : expr . EQUALS expr  (36)
	expr : expr . DOT VAR  (50)
	expr : expr . SEMI expr  (51)
	expr : expr . ASSIGN expr  (57)

	PLUS  shift 42
	MINUS  shift 43
	TIMES  shift 44
	DIV  shift 45
	MOD  shift 46
	DOT  shift 58
	RPAREN  reduce 33
	EQUALS  reduce 33
	NOTEQUALS  reduce 33
	LT  reduce 33
	LEQ  reduce 33
	GT  reduce 33
	GEQ  reduce 33
	AND  reduce 33
	OR  reduce 33
	ASSIGN  reduce 33
	SEMI  reduce 33
	LBRACE  reduce 33
	RBRACE  reduce 33
	COMMA  reduce 33
	IN  reduce 33
	EOF  reduce 33


state 90
	expr : expr . AND expr  (24)
	expr : expr . OR expr  (25)
	expr : expr . PLUS expr  (26)
	expr : expr . MINUS expr  (27)
	expr : expr . TIMES expr  (28)
	expr : expr . DIV expr  (29)
	expr : expr . MOD expr  (30)
	expr : expr . LT expr  (31)
	expr : expr . LEQ expr  (32)
	expr : expr . GT expr  (33)
	expr : expr . GEQ expr  (34)
	expr : expr GEQ expr .  (34)
	expr : expr . NOTEQUALS expr  (35)
	expr : expr . EQUALS expr  (36)
	expr : expr . DOT VAR  (50)
	expr : expr . SEMI expr  (51)
	expr : expr . ASSIGN expr  (57)

	PLUS  shift 42
	MINUS  shift 43
	TIMES  shift 44
	DIV  shift 45
	MOD  shift 46
	DOT  shift 58
	RPAREN  reduce 34
	EQUALS  reduce 34
	NOTEQUALS  reduce 34
	LT  reduce 34
	LEQ  reduce 34
	GT  reduce 34
	GEQ  reduce 34
	AND  reduce 34
	OR  reduce 34
	ASSIGN  reduce 34
	SEMI  reduce 34
	LBRACE  reduce 34
	RBRACE  reduce 34
	COMMA  reduce 34
	IN  reduce 34
	EOF  reduce 34


state 91
	expr : expr . AND expr  (24)
	expr : expr AND expr .  (24)
	expr : expr . OR expr  (25)
	expr : expr . PLUS expr  (26)
	expr : expr . MINUS expr  (27)
	expr : expr . TIMES expr  (28)
	expr : expr . DIV expr  (29)
	expr : expr . MOD expr  (30)
	expr : expr . LT expr  (31)
	expr : expr . LEQ expr  (32)
	expr : expr . GT expr  (33)
	expr : expr . GEQ expr  (34)
	expr : expr . NOTEQUALS expr  (35)
	expr : expr . EQUALS expr  (36)
	expr : expr . DOT VAR  (50)
	expr : expr . SEMI expr  (51)
	expr : expr . ASSIGN expr  (57)

	PLUS  shift 42
	MINUS  shift 43
	TIMES  shift 44
	DIV  shift 45
	MOD  shift 46
	EQUALS  shift 47
	NOTEQUALS  shift 48
	LT  shift 49
	LEQ  shift 50
	GT  shift 51
	GEQ  shift 52
	AND  shift 53
	DOT  shift 58
	RPAREN  reduce 24
	OR  reduce 24
	ASSIGN  reduce 24
	SEMI  reduce 24
	LBRACE  reduce 24
	RBRACE  reduce 24
	COMMA  reduce 24
	IN  reduce 24
	EOF  reduce 24


state 92
	expr : expr . AND expr  (24)
	expr : expr . OR expr  (25)
	expr : expr OR expr .  (25)
	expr : expr . PLUS expr  (26)
	expr : expr . MINUS expr  (27)
	expr : expr . TIMES expr  (28)
	expr : expr . DIV expr  (29)
	expr : expr . MOD expr  (30)
	expr : expr . LT expr  (31)
	expr : expr . LEQ expr  (32)
	expr : expr . GT expr  (33)
	expr : expr . GEQ expr  (34)
	expr : expr . NOTEQUALS expr  (35)
	expr : expr . EQUALS expr  (36)
	expr : expr . DOT VAR  (50)
	expr : expr . SEMI expr  (51)
	expr : expr . ASSIGN expr  (57)

	PLUS  shift 42
	MINUS  shift 43
	TIMES  shift 44
	DIV  shift 45
	MOD  shift 46
	EQUALS  shift 47
	NOTEQUALS  shift 48
	LT  shift 49
	LEQ  shift 50
	GT  shift 51
	GEQ  shift 52
	AND  shift 53
	OR  shift 54
	DOT  shift 58
	RPAREN  reduce 25
	ASSIGN  reduce 25
	SEMI  reduce 25
	LBRACE  reduce 25
	RBRACE  reduce 25
	COMMA  reduce 25
	IN  reduce 25
	EOF  reduce 25


state 93
	expr : expr . AND expr  (24)
	expr : expr . OR expr  (25)
	expr : expr . PLUS expr  (26)
	expr : expr . MINUS expr  (27)
	expr : expr . TIMES expr  (28)
	expr : expr . DIV expr  (29)
	expr : expr . MOD expr  (30)
	expr : expr . LT expr  (31)
	expr : expr . LEQ expr  (32)
	expr : expr . GT expr  (33)
	expr : expr . GEQ expr  (34)
	expr : expr . NOTEQUALS expr  (35)
	expr : expr . EQUALS expr  (36)
	expr : expr . DOT VAR  (50)
	expr : expr . SEMI expr  (51)
	expr : expr . ASSIGN expr  (57)
	expr : expr ASSIGN expr .  (57)

	PLUS  shift 42
	MINUS  shift 43
	TIMES  shift 44
	DIV  shift 45
	MOD  shift 46
	EQUALS  shift 47
	NOTEQUALS  shift 48
	LT  shift 49
	LEQ  shift 50
	GT  shift 51
	GEQ  shift 52
	AND  shift 53
	OR  shift 54
	ASSIGN  shift 55
	DOT  shift 58
	RPAREN  reduce 57
	SEMI  reduce 57
	LBRACE  reduce 57
	RBRACE  reduce 57
	COMMA  reduce 57
	IN  reduce 57
	EOF  reduce 57


state 94
	expr : expr . AND expr  (24)
	expr : expr . OR expr  (25)
	expr : expr . PLUS expr  (26)
	expr : expr . MINUS expr  (27)
	expr : expr . TIMES expr  (28)
	expr : expr . DIV expr  (29)
	expr : expr . MOD expr  (30)
	expr : expr . LT expr  (31)
	expr : expr . LEQ expr  (32)
	expr : expr . GT expr  (33)
	expr : expr . GEQ expr  (34)
	expr : expr . NOTEQUALS expr  (35)
	expr : expr . EQUALS expr  (36)
	expr : expr . DOT VAR  (50)
	expr : expr . SEMI expr  (51)
	expr : expr SEMI expr .  (51)
	expr : expr . ASSIGN expr  (57)

	PLUS  shift 42
	MINUS  shift 43
	TIMES  shift 44
	DIV  shift 45
	MOD  shift 46
	EQUALS  shift 47
	NOTEQUALS  shift 48
	LT  shift 49
	LEQ  shift 50
	GT  shift 51
	GEQ  shift 52
	AND  shift 53
	OR  shift 54
	ASSIGN  shift 55
	DOT  shift 58
	RPAREN  reduce 51
	LBRACE  reduce 51
	RBRACE  reduce 51
	COMMA  reduce 51
	IN  reduce 51
	EOF  reduce 51


state 95
	expr : expr DOT VAR .  (50)

	.  reduce 50


state 96
	exprlist : expr COMMA . exprlist  (15)

	INT  shift 3
	VAR  shift 4
	MINUS  shift 5
	LPAREN  shift 6
	TRUE  shift 7
	FALSE  shift 8
	NOT  shift 9
	IF  shift 10
	WHILE  shift 11
	LBRACE  shift 12
	LAMBDA  shift 13
	BRANCH  shift 14
	FOCUS  shift 15
	SLEEP  shift 16
	LET  shift 17
	DESTROY  shift 18
	CLASS  shift 19
	.  error

	expr  goto 59
	exprlist  goto 118


state 97
	expr : VAR LPAREN exprlist RPAREN .  (41)

	.  reduce 41


state 98
	expr : expr . AND expr  (24)
	expr : expr . OR expr  (25)
	expr : expr . PLUS expr  (26)
	expr : expr . MINUS expr  (27)
	expr : expr . TIMES expr  (28)
	expr : expr . DIV expr  (29)
	expr : expr . MOD expr  (30)
	expr : expr . LT expr  (31)
	expr : expr . LEQ expr  (32)
	expr : expr . GT expr  (33)
	expr : expr . GEQ expr  (34)
	expr : expr . NOTEQUALS expr  (35)
	expr : expr . EQUALS expr  (36)
	expr : expr . DOT VAR  (50)
	expr : expr . SEMI expr  (51)
	expr : IF expr LBRACE expr . RBRACE ELSE LBRACE expr RBRACE  (52)
	expr : expr . ASSIGN expr  (57)

	PLUS  shift 42
	MINUS  shift 43
	TIMES  shift 44
	DIV  shift 45
	MOD  shift 46
	EQUALS  shift 47
	NOTEQUALS  shift 48
	LT  shift 49
	LEQ  shift 50
	GT  shift 51
	GEQ  shift 52
	AND  shift 53
	OR  shift 54
	ASSIGN  shift 55
	SEMI  shift 56
	RBRACE  shift 119
	DOT  shift 58
	.  error


state 99
	expr : expr . AND expr  (24)
	expr : expr . OR expr  (25)
	expr : expr . PLUS expr  (26)
	expr : expr . MINUS expr  (27)
	expr : expr . TIMES expr  (28)
	expr : expr . DIV expr  (29)
	expr : expr . MOD expr  (30)
	expr : expr . LT expr  (31)
	expr : expr . LEQ expr  (32)
	expr : expr . GT expr  (33)
	expr : expr . GEQ expr  (34)
	expr : expr . NOTEQUALS expr  (35)
	expr : expr . EQUALS expr  (36)
	expr : expr . DOT VAR  (50)
	expr : expr . SEMI expr  (51)
	expr : WHILE expr LBRACE expr . RBRACE  (53)
	expr : expr . ASSIGN expr  (57)

	PLUS  shift 42
	MINUS  shift 43
	TIMES  shift 44
	DIV  shift 45
	MOD  shift 46
	EQUALS  shift 47
	NOTEQUALS  shift 48
	LT  shift 49
	LEQ  shift 50
	GT  shift 51
	GEQ  shift 52
	AND  shift 53
	OR  shift 54
	ASSIGN  shift 55
	SEMI  shift 56
	RBRACE  shift 120
	DOT  shift 58
	.  error


state 100
	field_bind : VAR COLON expr .  (16)
	expr : expr . AND expr  (24)
	expr : expr . OR expr  (25)
	expr : expr . PLUS expr  (26)
	expr : expr . MINUS expr  (27)
	expr : expr . TIMES expr  (28)
	expr : expr . DIV expr  (29)
	expr : expr . MOD expr  (30)
	expr : expr . LT expr  (31)
	expr : expr . LEQ expr  (32)
	expr : expr . GT expr  (33)
	expr : expr . GEQ expr  (34)
	expr : expr . NOTEQUALS expr  (35)
	expr : expr . EQUALS expr  (36)
	expr : expr . DOT VAR  (50)
	expr : expr . SEMI expr  (51)
	expr : expr . ASSIGN expr  (57)

	PLUS  shift 42
	MINUS  shift 43
	TIMES  shift 44
	DIV  shift 45
	MOD  shift 46
	EQUALS  shift 47
	NOTEQUALS  shift 48
	LT  shift 49
	LEQ  shift 50
	GT  shift 51
	GEQ  shift 52
	AND  shift 53
	OR  shift 54
	ASSIGN  shift 55
	SEMI  shift 56
	DOT  shift 58
	RBRACE  reduce 16
	COMMA  reduce 16


state 101
	field_bind : U VAR COLON . expr  (17)

	INT  shift 3
	VAR  shift 4
	MINUS  shift 5
	LPAREN  shift 6
	TRUE  shift 7
	FALSE  shift 8
	NOT  shift 9
	IF  shift 10
	WHILE  shift 11
	LBRACE  shift 12
	LAMBDA  shift 13
	BRANCH  shift 14
	FOCUS  shift 15
	SLEEP  shift 16
	LET  shift 17
	DESTROY  shift 18
	CLASS  shift 19
	.  error

	expr  goto 121


state 102
	field_bind : MUT VAR COLON . expr  (18)

	INT  shift 3
	VAR  shift 4
	MINUS  shift 5
	LPAREN  shift 6
	TRUE  shift 7
	FALSE  shift 8
	NOT  shift 9
	IF  shift 10
	WHILE  shift 11
	LBRACE  shift 12
	LAMBDA  shift 13
	BRANCH  shift 14
	FOCUS  shift 15
	SLEEP  shift 16
	LET  shift 17
	DESTROY  shift 18
	CLASS  shift 19
	.  error

	expr  goto 122


state 103
	field_bind : MUT U VAR . COLON expr  (19)

	COLON  shift 123
	.  error


state 104
	fieldbindlist : field_bind COMMA fieldbindlist .  (21)

	.  reduce 21


state 105
	expr : LAMBDA VAR LPAREN OR . paramlist RPAREN ARROW type LBRACE expr RBRACE  (38)

	VAR  shift 107
	U  shift 108
	.  error

	paramlist  goto 124


state 106
	expr : LAMBDA VAR LPAREN varlist . OR paramlist RPAREN ARROW type LBRACE expr RBRACE  (40)

	OR  shift 125
	.  error


state 107
	paramlist : VAR . COLON type  (10)
	paramlist : VAR . COLON type COMMA paramlist  (12)

	COLON  shift 126
	.  error


state 108
	paramlist : U . VAR COLON type  (11)
	paramlist : U . VAR COLON type COMMA paramlist  (13)

	VAR  shift 127
	.  error


state 109
	expr : LAMBDA LPAREN OR paramlist . RPAREN ARROW type LBRACE expr RBRACE  (37)

	RPAREN  shift 128
	.  error


state 110
	expr : LAMBDA LPAREN varlist OR . paramlist RPAREN ARROW type LBRACE expr RBRACE  (39)

	VAR  shift 107
	U  shift 108
	.  error

	paramlist  goto 129


state 111
	varlist : VAR COMMA varlist .  (9)

	.  reduce 9


state 112
	expr : expr . AND expr  (24)
	expr : expr . OR expr  (25)
	expr : expr . PLUS expr  (26)
	expr : expr . MINUS expr  (27)
	expr : expr . TIMES expr  (28)
	expr : expr . DIV expr  (29)
	expr : expr . MOD expr  (30)
	expr : expr . LT expr  (31)
	expr : expr . LEQ expr  (32)
	expr : expr . GT expr  (33)
	expr : expr . GEQ expr  (34)
	expr : expr . NOTEQUALS expr  (35)
	expr : expr . EQUALS expr  (36)
	expr : expr . DOT VAR  (50)
	expr : expr . SEMI expr  (51)
	expr : BRANCH varlist LBRACE expr . RBRACE  (55)
	expr : expr . ASSIGN expr  (57)

	PLUS  shift 42
	MINUS  shift 43
	TIMES  shift 44
	DIV  shift 45
	MOD  shift 46
	EQUALS  shift 47
	NOTEQUALS  shift 48
	LT  shift 49
	LEQ  shift 50
	GT  shift 51
	GEQ  shift 52
	AND  shift 53
	OR  shift 54
	ASSIGN  shift 55
	SEMI  shift 56
	RBRACE  shift 130
	DOT  shift 58
	.  error


state 113
	expr : expr . AND expr  (24)
	expr : expr . OR expr  (25)
	expr : expr . PLUS expr  (26)
	expr : expr . MINUS expr  (27)
	expr : expr . TIMES expr  (28)
	expr : expr . DIV expr  (29)
	expr : expr . MOD expr  (30)
	expr : expr . LT expr  (31)
	expr : expr . LEQ expr  (32)
	expr : expr . GT expr  (33)
	expr : expr . GEQ expr  (34)
	expr : expr . NOTEQUALS expr  (35)
	expr : expr . EQUALS expr  (36)
	expr : expr . DOT VAR  (50)
	expr : expr . SEMI expr  (51)
	expr : FOCUS expr LBRACE expr . RBRACE  (54)
	expr : expr . ASSIGN expr  (57)

	PLUS  shift 42
	MINUS  shift 43
	TIMES  shift 44
	DIV  shift 45
	MOD  shift 46
	EQUALS  shift 47
	NOTEQUALS  shift 48
	LT  shift 49
	LEQ  shift 50
	GT  shift 51
	GEQ  shift 52
	AND  shift 53
	OR  shift 54
	ASSIGN  shift 55
	SEMI  shift 56
	RBRACE  shift 131
	DOT  shift 58
	.  error


state 114
	expr : SLEEP LPAREN expr RPAREN .  (43)

	.  reduce 43


state 115
	expr : expr . AND expr  (24)
	expr : expr . OR expr  (25)
	expr : expr . PLUS expr  (26)
	expr : expr . MINUS expr  (27)
	expr : expr . TIMES expr  (28)
	expr : expr . DIV expr  (29)
	expr : expr . MOD expr  (30)
	expr : expr . LT expr  (31)
	expr : expr . LEQ expr  (32)
	expr : expr . GT expr  (33)
	expr : expr . GEQ expr  (34)
	expr : expr . NOTEQUALS expr  (35)
	expr : expr . EQUALS expr  (36)
	expr : expr . DOT VAR  (50)
	expr : expr . SEMI expr  (51)
	expr : LET VAR ASSIGN expr . IN expr  (56)
	expr : expr . ASSIGN expr  (57)

	PLUS  shift 42
	MINUS  shift 43
	TIMES  shift 44
	DIV  shift 45
	MOD  shift 46
	EQUALS  shift 47
	NOTEQUALS  shift 48
	LT  shift 49
	LEQ  shift 50
	GT  shift 51
	GEQ  shift 52
	AND  shift 53
	OR  shift 54
	ASSIGN  shift 55
	SEMI  shift 56
	IN  shift 132
	DOT  shift 58
	.  error


state 116
	expr : DESTROY LPAREN expr RPAREN .  (42)

	.  reduce 42


state 117
	expr : CLASS VAR LBRACE paramlist . RBRACE  (58)

	RBRACE  shift 133
	.  error


state 118
	exprlist : expr COMMA exprlist .  (15)

	.  reduce 15


state 119
	expr : IF expr LBRACE expr RBRACE . ELSE LBRACE expr RBRACE  (52)

	ELSE  shift 134
	.  error


state 120
	expr : WHILE expr LBRACE expr RBRACE .  (53)

	.  reduce 53


state 121
	field_bind : U VAR COLON expr .  (17)
	expr : expr . AND expr  (24)
	expr : expr . OR expr  (25)
	expr : expr . PLUS expr  (26)
	expr : expr . MINUS expr  (27)
	expr : expr . TIMES expr  (28)
	expr : expr . DIV expr  (29)
	expr : expr . MOD expr  (30)
	expr : expr . LT expr  (31)
	expr : expr . LEQ expr  (32)
	expr : expr . GT expr  (33)
	expr : expr . GEQ expr  (34)
	expr : expr . NOTEQUALS expr  (35)
	expr : expr . EQUALS expr  (36)
	expr : expr . DOT VAR  (50)
	expr : expr . SEMI expr  (51)
	expr : expr . ASSIGN expr  (57)

	PLUS  shift 42
	MINUS  shift 43
	TIMES  shift 44
	DIV  shift 45
	MOD  shift 46
	EQUALS  shift 47
	NOTEQUALS  shift 48
	LT  shift 49
	LEQ  shift 50
	GT  shift 51
	GEQ  shift 52
	AND  shift 53
	OR  shift 54
	ASSIGN  shift 55
	SEMI  shift 56
	DOT  shift 58
	RBRACE  reduce 17
	COMMA  reduce 17


state 122
	field_bind : MUT VAR COLON expr .  (18)
	expr : expr . AND expr  (24)
	expr : expr . OR expr  (25)
	expr : expr . PLUS expr  (26)
	expr : expr . MINUS expr  (27)
	expr : expr . TIMES expr  (28)
	expr : expr . DIV expr  (29)
	expr : expr . MOD expr  (30)
	expr : expr . LT expr  (31)
	expr : expr . LEQ expr  (32)
	expr : expr . GT expr  (33)
	expr : expr . GEQ expr  (34)
	expr : expr . NOTEQUALS expr  (35)
	expr : expr . EQUALS expr  (36)
	expr : expr . DOT VAR  (50)
	expr : expr . SEMI expr  (51)
	expr : expr . ASSIGN expr  (57)

	PLUS  shift 42
	MINUS  shift 43
	TIMES  shift 44
	DIV  shift 45
	MOD  shift 46
	EQUALS  shift 47
	NOTEQUALS  shift 48
	LT  shift 49
	LEQ  shift 50
	GT  shift 51
	GEQ  shift 52
	AND  shift 53
	OR  shift 54
	ASSIGN  shift 55
	SEMI  shift 56
	DOT  shift 58
	RBRACE  reduce 18
	COMMA  reduce 18


state 123
	field_bind : MUT U VAR COLON . expr  (19)

	INT  shift 3
	VAR  shift 4
	MINUS  shift 5
	LPAREN  shift 6
	TRUE  shift 7
	FALSE  shift 8
	NOT  shift 9
	IF  shift 10
	WHILE  shift 11
	LBRACE  shift 12
	LAMBDA  shift 13
	BRANCH  shift 14
	FOCUS  shift 15
	SLEEP  shift 16
	LET  shift 17
	DESTROY  shift 18
	CLASS  shift 19
	.  error

	expr  goto 135


state 124
	expr : LAMBDA VAR LPAREN OR paramlist . RPAREN ARROW type LBRACE expr RBRACE  (38)

	RPAREN  shift 136
	.  error


state 125
	expr : LAMBDA VAR LPAREN varlist OR . paramlist RPAREN ARROW type LBRACE expr RBRACE  (40)

	VAR  shift 107
	U  shift 108
	.  error

	paramlist  goto 137


state 126
	paramlist : VAR COLON . type  (10)
	paramlist : VAR COLON . type COMMA paramlist  (12)

	LT  shift 138
	T_INT  shift 139
	T_BOOL  shift 140
	T_UNIT  shift 141
	.  error

	type  goto 142


state 127
	paramlist : U VAR . COLON type  (11)
	paramlist : U VAR . COLON type COMMA paramlist  (13)

	COLON  shift 143
	.  error


state 128
	expr : LAMBDA LPAREN OR paramlist RPAREN . ARROW type LBRACE expr RBRACE  (37)

	ARROW  shift 144
	.  error


state 129
	expr : LAMBDA LPAREN varlist OR paramlist . RPAREN ARROW type LBRACE expr RBRACE  (39)

	RPAREN  shift 145
	.  error


state 130
	expr : BRANCH varlist LBRACE expr RBRACE .  (55)

	.  reduce 55


state 131
	expr : FOCUS expr LBRACE expr RBRACE .  (54)

	.  reduce 54


state 132
	expr : LET VAR ASSIGN expr IN . expr  (56)

	INT  shift 3
	VAR  shift 4
	MINUS  shift 5
	LPAREN  shift 6
	TRUE  shift 7
	FALSE  shift 8
	NOT  shift 9
	IF  shift 10
	WHILE  shift 11
	LBRACE  shift 12
	LAMBDA  shift 13
	BRANCH  shift 14
	FOCUS  shift 15
	SLEEP  shift 16
	LET  shift 17
	DESTROY  shift 18
	CLASS  shift 19
	.  error

	expr  goto 146


state 133
	expr : CLASS VAR LBRACE paramlist RBRACE .  (58)

	.  reduce 58


state 134
	expr : IF expr LBRACE expr RBRACE ELSE . LBRACE expr RBRACE  (52)

	LBRACE  shift 147
	.  error


state 135
	field_bind : MUT U VAR COLON expr .  (19)
	expr : expr . AND expr  (24)
	expr : expr . OR expr  (25)
	expr : expr . PLUS expr  (26)
	expr : expr . MINUS expr  (27)
	expr : expr . TIMES expr  (28)
	expr : expr . DIV expr  (29)
	expr : expr . MOD expr  (30)
	expr : expr . LT expr  (31)
	expr : expr . LEQ expr  (32)
	expr : expr . GT expr  (33)
	expr : expr . GEQ expr  (34)
	expr : expr . NOTEQUALS expr  (35)
	expr : expr . EQUALS expr  (36)
	expr : expr . DOT VAR  (50)
	expr : expr . SEMI expr  (51)
	expr : expr . ASSIGN expr  (57)

	PLUS  shift 42
	MINUS  shift 43
	TIMES  shift 44
	DIV  shift 45
	MOD  shift 46
	EQUALS  shift 47
	NOTEQUALS  shift 48
	LT  shift 49
	LEQ  shift 50
	GT  shift 51
	GEQ  shift 52
	AND  shift 53
	OR  shift 54
	ASSIGN  shift 55
	SEMI  shift 56
	DOT  shift 58
	RBRACE  reduce 19
	COMMA  reduce 19


state 136
	expr : LAMBDA VAR LPAREN OR paramlist RPAREN . ARROW type LBRACE expr RBRACE  (38)

	ARROW  shift 148
	.  error


state 137
	expr : LAMBDA VAR LPAREN varlist OR paramlist . RPAREN ARROW type LBRACE expr RBRACE  (40)

	RPAREN  shift 149
	.  error


state 138
	type : LT . typelist ARROW type GT  (3)
	type : LT . paramlist GT  (4)

	VAR  shift 107
	LT  shift 138
	T_INT  shift 139
	T_BOOL  shift 140
	T_UNIT  shift 141
	U  shift 108
	.  error

	paramlist  goto 150
	type  goto 151
	typelist  goto 152


state 139
	type : T_INT .  (1)

	.  reduce 1


state 140
	type : T_BOOL .  (2)

	.  reduce 2


state 141
	type : T_UNIT .  (5)

	.  reduce 5


state 142
	paramlist : VAR COLON type .  (10)
	paramlist : VAR COLON type . COMMA paramlist  (12)

	COMMA  shift 153
	RPAREN  reduce 10
	GT  reduce 10
	RBRACE  reduce 10


state 143
	paramlist : U VAR COLON . type  (11)
	paramlist : U VAR COLON . type COMMA paramlist  (13)

	LT  shift 138
	T_INT  shift 139
	T_BOOL  shift 140
	T_UNIT  shift 141
	.  error

	type  goto 154


state 144
	expr : LAMBDA LPAREN OR paramlist RPAREN ARROW . type LBRACE expr RBRACE  (37)

	LT  shift 138
	T_INT  shift 139
	T_BOOL  shift 140
	T_UNIT  shift 141
	.  error

	type  goto 155


state 145
	expr : LAMBDA LPAREN varlist OR paramlist RPAREN . ARROW type LBRACE expr RBRACE  (39)

	ARROW  shift 156
	.  error


state 146
	expr : expr . AND expr  (24)
	expr : expr . OR expr  (25)
	expr : expr . PLUS expr  (26)
	expr : expr . MINUS expr  (27)
	expr : expr . TIMES expr  (28)
	expr : expr . DIV expr  (29)
	expr : expr . MOD expr  (30)
	expr : expr . LT expr  (31)
	expr : expr . LEQ expr  (32)
	expr : expr . GT expr  (33)
	expr : expr . GEQ expr  (34)
	expr : expr . NOTEQUALS expr  (35)
	expr : expr . EQUALS expr  (36)
	expr : expr . DOT VAR  (50)
	expr : expr . SEMI expr  (51)
	expr : LET VAR ASSIGN expr IN expr .  (56)
	expr : expr . ASSIGN expr  (57)

	DOT  shift 58
	PLUS  reduce 56
	MINUS  reduce 56
	TIMES  reduce 56
	DIV  reduce 56
	MOD  reduce 56
	RPAREN  reduce 56
	EQUALS  reduce 56
	NOTEQUALS  reduce 56
	LT  reduce 56
	LEQ  reduce 56
	GT  reduce 56
	GEQ  reduce 56
	AND  reduce 56
	OR  reduce 56
	ASSIGN  reduce 56
	SEMI  reduce 56
	LBRACE  reduce 56
	RBRACE  reduce 56
	COMMA  reduce 56
	IN  reduce 56
	EOF  reduce 56


state 147
	expr : IF expr LBRACE expr RBRACE ELSE LBRACE . expr RBRACE  (52)

	INT  shift 3
	VAR  shift 4
	MINUS  shift 5
	LPAREN  shift 6
	TRUE  shift 7
	FALSE  shift 8
	NOT  shift 9
	IF  shift 10
	WHILE  shift 11
	LBRACE  shift 12
	LAMBDA  shift 13
	BRANCH  shift 14
	FOCUS  shift 15
	SLEEP  shift 16
	LET  shift 17
	DESTROY  shift 18
	CLASS  shift 19
	.  error

	expr  goto 157


state 148
	expr : LAMBDA VAR LPAREN OR paramlist RPAREN ARROW . type LBRACE expr RBRACE  (38)

	LT  shift 138
	T_INT  shift 139
	T_BOOL  shift 140
	T_UNIT  shift 141
	.  error

	type  goto 158


state 149
	expr : LAMBDA VAR LPAREN varlist OR paramlist RPAREN . ARROW type LBRACE expr RBRACE  (40)

	ARROW  shift 159
	.  error


state 150
	type : LT paramlist . GT  (4)

	GT  shift 160
	.  error


state 151
	typelist : type .  (6)
	typelist : type . COMMA typelist  (7)

	COMMA  shift 161
	ARROW  reduce 6


state 152
	type : LT typelist . ARROW type GT  (3)

	ARROW  shift 162
	.  error


state 153
	paramlist : VAR COLON type COMMA . paramlist  (12)

	VAR  shift 107
	U  shift 108
	.  error

	paramlist  goto 163


state 154
	paramlist : U VAR COLON type .  (11)
	paramlist : U VAR COLON type . COMMA paramlist  (13)

	COMMA  shift 164
	RPAREN  reduce 11
	GT  reduce 11
	RBRACE  reduce 11


state 155
	expr : LAMBDA LPAREN OR paramlist RPAREN ARROW type . LBRACE expr RBRACE  (37)

	LBRACE  shift 165
	.  error


state 156
	expr : LAMBDA LPAREN varlist OR paramlist RPAREN ARROW . type LBRACE expr RBRACE  (39)

	LT  shift 138
	T_INT  shift 139
	T_BOOL  shift 140
	T_UNIT  shift 141
	.  error

	type  goto 166


state 157
	expr : expr . AND expr  (24)
	expr : expr . OR expr  (25)
	expr : expr . PLUS expr  (26)
	expr : expr . MINUS expr  (27)
	expr : expr . TIMES expr  (28)
	expr : expr . DIV expr  (29)
	expr : expr . MOD expr  (30)
	expr : expr . LT expr  (31)
	expr : expr . LEQ expr  (32)
	expr : expr . GT expr  (33)
	expr : expr . GEQ expr  (34)
	expr : expr . NOTEQUALS expr  (35)
	expr : expr . EQUALS expr  (36)
	expr : expr . DOT VAR  (50)
	expr : expr . SEMI expr  (51)
	expr : IF expr LBRACE expr RBRACE ELSE LBRACE expr . RBRACE  (52)
	expr : expr . ASSIGN expr  (57)

	PLUS  shift 42
	MINUS  shift 43
	TIMES  shift 44
	DIV  shift 45
	MOD  shift 46
	EQUALS  shift 47
	NOTEQUALS  shift 48
	LT  shift 49
	LEQ  shift 50
	GT  shift 51
	GEQ  shift 52
	AND  shift 53
	OR  shift 54
	ASSIGN  shift 55
	SEMI  shift 56
	RBRACE  shift 167
	DOT  shift 58
	.  error


state 158
	expr : LAMBDA VAR LPAREN OR paramlist RPAREN ARROW type . LBRACE expr RBRACE  (38)

	LBRACE  shift 168
	.  error


state 159
	expr : LAMBDA VAR LPAREN varlist OR paramlist RPAREN ARROW . type LBRACE expr RBRACE  (40)

	LT  shift 138
	T_INT  shift 139
	T_BOOL  shift 140
	T_UNIT  shift 141
	.  error

	type  goto 169


state 160
	type : LT paramlist GT .  (4)

	.  reduce 4


state 161
	typelist : type COMMA . typelist  (7)

	LT  shift 138
	T_INT  shift 139
	T_BOOL  shift 140
	T_UNIT  shift 141
	.  error

	type  goto 151
	typelist  goto 170


state 162
	type : LT typelist ARROW . type GT  (3)

	LT  shift 138
	T_INT  shift 139
	T_BOOL  shift 140
	T_UNIT  shift 141
	.  error

	type  goto 171


state 163
	paramlist : VAR COLON type COMMA paramlist .  (12)

	.  reduce 12


state 164
	paramlist : U VAR COLON type COMMA . paramlist  (13)

	VAR  shift 107
	U  shift 108
	.  error

	paramlist  goto 172


state 165
	expr : LAMBDA LPAREN OR paramlist RPAREN ARROW type LBRACE . expr RBRACE  (37)

	INT  shift 3
	VAR  shift 4
	MINUS  shift 5
	LPAREN  shift 6
	TRUE  shift 7
	FALSE  shift 8
	NOT  shift 9
	IF  shift 10
	WHILE  shift 11
	LBRACE  shift 12
	LAMBDA  shift 13
	BRANCH  shift 14
	FOCUS  shift 15
	SLEEP  shift 16
	LET  shift 17
	DESTROY  shift 18
	CLASS  shift 19
	.  error

	expr  goto 173


state 166
	expr : LAMBDA LPAREN varlist OR paramlist RPAREN ARROW type . LBRACE expr RBRACE  (39)

	LBRACE  shift 174
	.  error


state 167
	expr : IF expr LBRACE expr RBRACE ELSE LBRACE expr RBRACE .  (52)

	.  reduce 52


state 168
	expr : LAMBDA VAR LPAREN OR paramlist RPAREN ARROW type LBRACE . expr RBRACE  (38)

	INT  shift 3
	VAR  shift 4
	MINUS  shift 5
	LPAREN  shift 6
	TRUE  shift 7
	FALSE  shift 8
	NOT  shift 9
	IF  shift 10
	WHILE  shift 11
	LBRACE  shift 12
	LAMBDA  shift 13
	BRANCH  shift 14
	FOCUS  shift 15
	SLEEP  shift 16
	LET  shift 17
	DESTROY  shift 18
	CLASS  shift 19
	.  error

	expr  goto 175


state 169
	expr : LAMBDA VAR LPAREN varlist OR paramlist RPAREN ARROW type . LBRACE expr RBRACE  (40)

	LBRACE  shift 176
	.  error


state 170
	typelist : type COMMA typelist .  (7)

	.  reduce 7


state 171
	type : LT typelist ARROW type . GT  (3)

	GT  shift 177
	.  error


state 172
	paramlist : U VAR COLON type COMMA paramlist .  (13)

	.  reduce 13


state 173
	expr : expr . AND expr  (24)
	expr : expr . OR expr  (25)
	expr : expr . PLUS expr  (26)
	expr : expr . MINUS expr  (27)
	expr : expr . TIMES expr  (28)
	expr : expr . DIV expr  (29)
	expr : expr . MOD expr  (30)
	expr : expr . LT expr  (31)
	expr : expr . LEQ expr  (32)
	expr : expr . GT expr  (33)
	expr : expr . GEQ expr  (34)
	expr : expr . NOTEQUALS expr  (35)
	expr : expr . EQUALS expr  (36)
	expr : LAMBDA LPAREN OR paramlist RPAREN ARROW type LBRACE expr . RBRACE  (37)
	expr : expr . DOT VAR  (50)
	expr : expr . SEMI expr  (51)
	expr : expr . ASSIGN expr  (57)

	PLUS  shift 42
	MINUS  shift 43
	TIMES  shift 44
	DIV  shift 45
	MOD  shift 46
	EQUALS  shift 47
	NOTEQUALS  shift 48
	LT  shift 49
	LEQ  shift 50
	GT  shift 51
	GEQ  shift 52
	AND  shift 53
	OR  shift 54
	ASSIGN  shift 55
	SEMI  shift 56
	RBRACE  shift 178
	DOT  shift 58
	.  error


state 174
	expr : LAMBDA LPAREN varlist OR paramlist RPAREN ARROW type LBRACE . expr RBRACE  (39)

	INT  shift 3
	VAR  shift 4
	MINUS  shift 5
	LPAREN  shift 6
	TRUE  shift 7
	FALSE  shift 8
	NOT  shift 9
	IF  shift 10
	WHILE  shift 11
	LBRACE  shift 12
	LAMBDA  shift 13
	BRANCH  shift 14
	FOCUS  shift 15
	SLEEP  shift 16
	LET  shift 17
	DESTROY  shift 18
	CLASS  shift 19
	.  error

	expr  goto 179


state 175
	expr : expr . AND expr  (24)
	expr : expr . OR expr  (25)
	expr : expr . PLUS expr  (26)
	expr : expr . MINUS expr  (27)
	expr : expr . TIMES expr  (28)
	expr : expr . DIV expr  (29)
	expr : expr . MOD expr  (30)
	expr : expr . LT expr  (31)
	expr : expr . LEQ expr  (32)
	expr : expr . GT expr  (33)
	expr : expr . GEQ expr  (34)
	expr : expr . NOTEQUALS expr  (35)
	expr : expr . EQUALS expr  (36)
	expr : LAMBDA VAR LPAREN OR paramlist RPAREN ARROW type LBRACE expr . RBRACE  (38)
	expr : expr . DOT VAR  (50)
	expr : expr . SEMI expr  (51)
	expr : expr . ASSIGN expr  (57)

	PLUS  shift 42
	MINUS  shift 43
	TIMES  shift 44
	DIV  shift 45
	MOD  shift 46
	EQUALS  shift 47
	NOTEQUALS  shift 48
	LT  shift 49
	LEQ  shift 50
	GT  shift 51
	GEQ  shift 52
	AND  shift 53
	OR  shift 54
	ASSIGN  shift 55
	SEMI  shift 56
	RBRACE  shift 180
	DOT  shift 58
	.  error


state 176
	expr : LAMBDA VAR LPAREN varlist OR paramlist RPAREN ARROW type LBRACE . expr RBRACE  (40)

	INT  shift 3
	VAR  shift 4
	MINUS  shift 5
	LPAREN  shift 6
	TRUE  shift 7
	FALSE  shift 8
	NOT  shift 9
	IF  shift 10
	WHILE  shift 11
	LBRACE  shift 12
	LAMBDA  shift 13
	BRANCH  shift 14
	FOCUS  shift 15
	SLEEP  shift 16
	LET  shift 17
	DESTROY  shift 18
	CLASS  shift 19
	.  error

	expr  goto 181


state 177
	type : LT typelist ARROW type GT .  (3)

	.  reduce 3


state 178
	expr : LAMBDA LPAREN OR paramlist RPAREN ARROW type LBRACE expr RBRACE .  (37)

	.  reduce 37


state 179
	expr : expr . AND expr  (24)
	expr : expr . OR expr  (25)
	expr : expr . PLUS expr  (26)
	expr : expr . MINUS expr  (27)
	expr : expr . TIMES expr  (28)
	expr : expr . DIV expr  (29)
	expr : expr . MOD expr  (30)
	expr : expr . LT expr  (31)
	expr : expr . LEQ expr  (32)
	expr : expr . GT expr  (33)
	expr : expr . GEQ expr  (34)
	expr : expr . NOTEQUALS expr  (35)
	expr : expr . EQUALS expr  (36)
	expr : LAMBDA LPAREN varlist OR paramlist RPAREN ARROW type LBRACE expr . RBRACE  (39)
	expr : expr . DOT VAR  (50)
	expr : expr . SEMI expr  (51)
	expr : expr . ASSIGN expr  (57)

	PLUS  shift 42
	MINUS  shift 43
	TIMES  shift 44
	DIV  shift 45
	MOD  shift 46
	EQUALS  shift 47
	NOTEQUALS  shift 48
	LT  shift 49
	LEQ  shift 50
	GT  shift 51
	GEQ  shift 52
	AND  shift 53
	OR  shift 54
	ASSIGN  shift 55
	SEMI  shift 56
	RBRACE  shift 182
	DOT  shift 58
	.  error


state 180
	expr : LAMBDA VAR LPAREN OR paramlist RPAREN ARROW type LBRACE expr RBRACE .  (38)

	.  reduce 38


state 181
	expr : expr . AND expr  (24)
	expr : expr . OR expr  (25)
	expr : expr . PLUS expr  (26)
	expr : expr . MINUS expr  (27)
	expr : expr . TIMES expr  (28)
	expr : expr . DIV expr  (29)
	expr : expr . MOD expr  (30)
	expr : expr . LT expr  (31)
	expr : expr . LEQ expr  (32)
	expr : expr . GT expr  (33)
	expr : expr . GEQ expr  (34)
	expr : expr . NOTEQUALS expr  (35)
	expr : expr . EQUALS expr  (36)
	expr : LAMBDA VAR LPAREN varlist OR paramlist RPAREN ARROW type LBRACE expr . RBRACE  (40)
	expr : expr . DOT VAR  (50)
	expr : expr . SEMI expr  (51)
	expr : expr . ASSIGN expr  (57)

	PLUS  shift 42
	MINUS  shift 43
	TIMES  shift 44
	DIV  shift 45
	MOD  shift 46
	EQUALS  shift 47
	NOTEQUALS  shift 48
	LT  shift 49
	LEQ  shift 50
	GT  shift 51
	GEQ  shift 52
	AND  shift 53
	OR  shift 54
	ASSIGN  shift 55
	SEMI  shift 56
	RBRACE  shift 183
	DOT  shift 58
	.  error


state 182
	expr : LAMBDA LPAREN varlist OR paramlist RPAREN ARROW type LBRACE expr RBRACE .  (39)

	.  reduce 39


state 183
	expr : LAMBDA VAR LPAREN varlist OR paramlist RPAREN ARROW type LBRACE expr RBRACE .  (40)

	.  reduce 40


53 terminals, 11 nonterminals
61 grammar rules, 184 states
